{
  "stats": {
    "suites": 1,
    "tests": 1,
    "passes": 0,
    "pending": 0,
    "failures": 1,
    "start": "2025-06-24T16:48:43.825Z",
    "end": "2025-06-24T16:48:52.978Z",
    "duration": 9153,
    "testsRegistered": 1,
    "passPercent": 0,
    "pendingPercent": 0,
    "other": 0,
    "hasOther": false,
    "skipped": 0,
    "hasSkipped": false
  },
  "results": [
    {
      "uuid": "2040b5f8-0f37-4bc1-a279-64cfc96829c6",
      "title": "",
      "fullFile": "cypress\\e2e\\Login\\user_delete.cy.js",
      "file": "cypress\\e2e\\Login\\user_delete.cy.js",
      "beforeHooks": [],
      "afterHooks": [],
      "tests": [],
      "suites": [
        {
          "uuid": "bf93d675-3b65-47b5-ae08-b983b03ed2f0",
          "title": "Dashboard",
          "fullFile": "",
          "file": "",
          "beforeHooks": [],
          "afterHooks": [],
          "tests": [
            {
              "title": "user can delete ",
              "fullTitle": "Dashboard user can delete ",
              "timedOut": null,
              "duration": 7186,
              "state": "failed",
              "speed": null,
              "pass": false,
              "fail": true,
              "pending": false,
              "context": "[\n  \"../screenshots/user_delete.cy.js/Dashboard -- user can delete  (failed).png\",\n  \"../videos/user_delete.cy.js.mp4\"\n]",
              "code": "//Login to the application\ncy.visit('http://localhost:3000/');\ncy.get('[data-cy=\"email\"]').type('kholilrahimullah05@gmail.com');\ncy.get('[data-cy=\"password').type('kholil123');\ncy.get('.op-btn').click();\n// cy.get('.text-sm > :nth-child(1) > .bg-base-300').click();\n// cy.get('.op-btn-secondary').click();\n// cy.get('[data-cy=\"yes-delete\"]').click();\ncy.get(':nth-child(1) > .px-2 > .text-base-content > .op-btn-secondary').click();\ncy.get('[data-cy=\"yes-delete\"]').click();",
              "err": {
                "message": "CypressError: `cy.click()` can only be called on a single element. Your subject contained 2 elements. Pass `{ multiple: true }` if you want to serially click each element.\n\nhttps://on.cypress.io/click",
                "estack": "CypressError: `cy.click()` can only be called on a single element. Your subject contained 2 elements. Pass `{ multiple: true }` if you want to serially click each element.\n\nhttps://on.cypress.io/click\n    at mouseAction (http://localhost:3000/__cypress/runner/cypress_runner.js:111604:68)\n    at Context.click (http://localhost:3000/__cypress/runner/cypress_runner.js:111771:14)\n    at wrapped (http://localhost:3000/__cypress/runner/cypress_runner.js:138827:19)\nFrom Your Spec Code:\n    at Object.proxyGetter [as get] (http://localhost:3000/__cypress/runner/cypress_runner.js:77938:22)\n    at exists (http://localhost:3000/__cypress/runner/cypress_runner.js:143678:26)\n    at elExists (http://localhost:3000/__cypress/runner/cypress_runner.js:143693:10)\n    at ensureExistence (http://localhost:3000/__cypress/runner/cypress_runner.js:143874:22)\n    at onFailFn (http://localhost:3000/__cypress/runner/cypress_runner.js:143903:53)",
                "diff": null
              },
              "uuid": "34ca0206-e1a4-4ecb-a1c7-12b561e39b13",
              "parentUUID": "bf93d675-3b65-47b5-ae08-b983b03ed2f0",
              "isHook": false,
              "skipped": false
            }
          ],
          "suites": [],
          "passes": [],
          "failures": [
            "34ca0206-e1a4-4ecb-a1c7-12b561e39b13"
          ],
          "pending": [],
          "skipped": [],
          "duration": 7186,
          "root": false,
          "rootEmpty": false,
          "_timeout": 2000
        }
      ],
      "passes": [],
      "failures": [],
      "pending": [],
      "skipped": [],
      "duration": 0,
      "root": true,
      "rootEmpty": true,
      "_timeout": 2000
    }
  ],
  "meta": {
    "mocha": {
      "version": "7.0.1"
    },
    "mochawesome": {
      "options": {
        "quiet": false,
        "reportFilename": "[name].html",
        "saveHtml": true,
        "saveJson": true,
        "consoleReporter": "spec",
        "useInlineDiffs": false,
        "code": true
      },
      "version": "7.1.3"
    },
    "marge": {
      "options": {
        "useInlineDiffs": true,
        "embeddedScreenshots": true,
        "reportDir": "cypress/results",
        "reportFilename": "[name].html",
        "overwrite": true,
        "html": true,
        "json": true,
        "cdn": true
      },
      "version": "6.2.0"
    }
  }
}