{
  "stats": {
    "suites": 1,
    "tests": 1,
    "passes": 1,
    "pending": 0,
    "failures": 0,
    "start": "2025-06-24T15:36:13.314Z",
    "end": "2025-06-24T15:36:19.273Z",
    "duration": 5959,
    "testsRegistered": 1,
    "passPercent": 100,
    "pendingPercent": 0,
    "other": 0,
    "hasOther": false,
    "skipped": 0,
    "hasSkipped": false
  },
  "results": [
    {
      "uuid": "6ae966fd-18fa-42d8-a9dc-a177f8bd7a39",
      "title": "",
      "fullFile": "cypress\\e2e\\Login\\coba_coba.cy.js",
      "file": "cypress\\e2e\\Login\\coba_coba.cy.js",
      "beforeHooks": [],
      "afterHooks": [],
      "tests": [],
      "suites": [
        {
          "uuid": "7c75b960-7d53-4500-b8df-0262eb09a9b3",
          "title": "Dashboard",
          "fullFile": "",
          "file": "",
          "beforeHooks": [],
          "afterHooks": [],
          "tests": [
            {
              "title": "user can delete",
              "fullTitle": "Dashboard user can delete",
              "timedOut": null,
              "duration": 4555,
              "state": "passed",
              "speed": "fast",
              "pass": true,
              "fail": false,
              "pending": false,
              "context": null,
              "code": "//Login to the application\ncy.visit('http://localhost:3000/');\ncy.login();\n// Traversal \ncy.wait(1000);\ncy.get('.fa-light.fa-bars.text-xl.text-base-content').click();\ncy.get('tr.border-y-\\\\[1px\\\\] td').contains('go').parent().find('div [title=\"Delete\"]').click();\n// Make Sure Delete Confirmation\ncy.get('.text-lg.font-normal.text-black').contains('Are you sure you want to delete this document?').should('be.visible');\ncy.get('.flex.items-center.mt-3.gap-2.text-white').find('button').contains('Yes');",
              "err": {},
              "uuid": "7d3c8887-99a1-4f24-927b-b8911e40ddbb",
              "parentUUID": "7c75b960-7d53-4500-b8df-0262eb09a9b3",
              "isHook": false,
              "skipped": false
            }
          ],
          "suites": [],
          "passes": [
            "7d3c8887-99a1-4f24-927b-b8911e40ddbb"
          ],
          "failures": [],
          "pending": [],
          "skipped": [],
          "duration": 4555,
          "root": false,
          "rootEmpty": false,
          "_timeout": 2000
        }
      ],
      "passes": [],
      "failures": [],
      "pending": [],
      "skipped": [],
      "duration": 0,
      "root": true,
      "rootEmpty": true,
      "_timeout": 2000
    }
  ],
  "meta": {
    "mocha": {
      "version": "7.0.1"
    },
    "mochawesome": {
      "options": {
        "quiet": false,
        "reportFilename": "mochawesome",
        "saveHtml": true,
        "saveJson": true,
        "consoleReporter": "spec",
        "useInlineDiffs": false,
        "code": true
      },
      "version": "7.1.3"
    },
    "marge": {
      "options": null,
      "version": "6.2.0"
    }
  }
}